<?xml version="1.0" encoding="UTF-8"?>
<testng-results ignored="0" total="1" passed="1" failed="0" skipped="0">
  <reporter-output>
  </reporter-output>
  <suite started-at="2023-12-21T15:57:32 IST" name="Default suite" finished-at="2023-12-21T15:57:32 IST" duration-ms="53">
    <groups>
    </groups>
    <test started-at="2023-12-21T15:57:32 IST" name="Default test" finished-at="2023-12-21T15:57:32 IST" duration-ms="53">
      <class name="demo1.D1Test">
        <test-method signature="d1Test()[pri:0, instance:demo1.D1Test@72967906]" started-at="2023-12-21T15:57:32 IST" name="d1Test" finished-at="2023-12-21T15:57:32 IST" duration-ms="11" status="PASS">
          <reporter-output>
          </reporter-output>
        </test-method> <!-- d1Test -->
      </class> <!-- demo1.D1Test -->
    </test> <!-- Default test -->
  </suite> <!-- Default suite -->
</testng-results>
